Start testing: May 12 00:37 MSK
----------------------------------------------------------
Unable to find executable: tests
1/1 Testing: unit_tests
1/1 Test: unit_tests
Command: ""
Directory: /home/yury/ShubA-13/workspace/projects/lab07_1/_builds/default
"unit_tests" start time: 
Output:
----------------------------------------------------------
<end of output>
Test time =   0.00 sec
----------------------------------------------------------
Test Passed.
"unit_tests" end time: May 12 00:37 MSK
"unit_tests" time elapsed: 00:00:00
----------------------------------------------------------

End testing: May 12 00:37 MSK
